<?xml version="1.0" encoding="UTF-8"?>
<testng-results ignored="0" total="1" passed="1" failed="0" skipped="0">
  <reporter-output>
  </reporter-output>
  <suite started-at="2023-07-11T11:47:31 IST" name="Suite" finished-at="2023-07-11T11:47:35 IST" duration-ms="4356">
    <groups>
    </groups>
    <test started-at="2023-07-11T11:47:31 IST" name="Test" finished-at="2023-07-11T11:47:35 IST" duration-ms="4356">
      <class name="Server_Jenkins_Maven.Print_String">
        <test-method signature="mytest()[pri:0, instance:Server_Jenkins_Maven.Print_String@3835c46]" started-at="2023-07-11T11:47:31 IST" name="mytest" finished-at="2023-07-11T11:47:35 IST" duration-ms="4308" status="PASS">
          <reporter-output>
          </reporter-output>
        </test-method> <!-- mytest -->
      </class> <!-- Server_Jenkins_Maven.Print_String -->
    </test> <!-- Test -->
  </suite> <!-- Suite -->
</testng-results>
